<?xml version="1.0" encoding="UTF-8"?>
<!-- Generated by org.testng.reporters.JUnitReportReporter -->
<testsuite hostname="DESKTOP-V9RNRU6" failures="0" tests="1" name="DataProvider.BaseClassForShopperStack" time="42.740" errors="0" timestamp="2024-05-28T12:56:50 IST" skipped="0">
  <testcase classname="DataProvider.BaseClassForShopperStack" name="login" time="42.740"/>
</testsuite> <!-- DataProvider.BaseClassForShopperStack -->
