<?xml version="1.0" encoding="UTF-8"?>
<!-- Generated by org.testng.reporters.JUnitReportReporter -->
<testsuite hostname="DESKTOP-V9RNRU6" failures="0" tests="1" name="Listeners.AddToCart" time="2.834" errors="0" timestamp="2024-05-24T11:53:19 IST" skipped="0">
  <testcase classname="Listeners.AddToCart" name="addToCart" time="2.834"/>
</testsuite> <!-- Listeners.AddToCart -->
