<?xml version="1.0" encoding="UTF-8"?>
<!-- Generated by org.testng.reporters.JUnitReportReporter -->
<testsuite hostname="DESKTOP-V9RNRU6" failures="0" tests="1" name="POM.LoginDws" time="9.232" errors="0" timestamp="2024-05-28T09:04:46 IST" skipped="0">
  <testcase classname="POM.LoginDws" name="login" time="9.232"/>
</testsuite> <!-- POM.LoginDws -->
