<?xml version="1.0" encoding="UTF-8"?>
<!-- Generated by org.testng.reporters.JUnitReportReporter -->
<testsuite hostname="DESKTOP-V9RNRU6" failures="0" tests="1" name="POM.RegisterDws" time="8.658" errors="0" timestamp="2024-05-28T09:03:43 IST" skipped="0">
  <testcase classname="POM.RegisterDws" name="login" time="8.658"/>
</testsuite> <!-- POM.RegisterDws -->
