<?xml version="1.0" encoding="UTF-8"?>
<!-- Generated by org.testng.reporters.JUnitReportReporter -->
<testsuite hostname="DESKTOP-V9RNRU6" failures="0" tests="4" name="HelperMethods.ThreadPoolSize" time="64.044" errors="0" timestamp="2024-05-16T12:26:28 IST" skipped="0">
  <testcase classname="HelperMethods.ThreadPoolSize" name="titan" time="34.058"/>
  <testcase classname="HelperMethods.ThreadPoolSize" name="noise" time="9.203"/>
  <testcase classname="HelperMethods.ThreadPoolSize" name="noise" time="9.729"/>
  <testcase classname="HelperMethods.ThreadPoolSize" name="fireboltt" time="11.054"/>
</testsuite> <!-- HelperMethods.ThreadPoolSize -->
