<?xml version="1.0" encoding="UTF-8"?>
<!-- Generated by org.testng.reporters.JUnitReportReporter -->
<testsuite hostname="DESKTOP-V9RNRU6" failures="0" tests="1" name="Features.BatchExecution.Pantaloon" time="9.233" errors="0" timestamp="2024-05-18T11:04:09 IST" skipped="0">
  <testcase classname="Features.BatchExecution.Pantaloon" name="pantaloons" time="9.233"/>
</testsuite> <!-- Features.BatchExecution.Pantaloon -->
