<?xml version="1.0" encoding="UTF-8"?>
<!-- Generated by org.testng.reporters.JUnitReportReporter -->
<testsuite hostname="DESKTOP-V9RNRU6" failures="0" tests="1" name="Basic.AddProductToCart" time="12.229" errors="0" timestamp="2024-05-11T12:35:40 IST" skipped="0">
  <testcase classname="Basic.AddProductToCart" name="addProduct" time="12.229"/>
</testsuite> <!-- Basic.AddProductToCart -->
