<?xml version="1.0" encoding="UTF-8"?>
<!-- Generated by org.testng.reporters.JUnitReportReporter -->
<testsuite hostname="DESKTOP-V9RNRU6" failures="0" tests="1" name="Features.BatchExecution.TataCliq" time="8.321" errors="0" timestamp="2024-05-27T09:16:24 IST" skipped="0">
  <testcase classname="Features.BatchExecution.TataCliq" name="tataCliq" time="8.321"/>
</testsuite> <!-- Features.BatchExecution.TataCliq -->
