<?xml version="1.0" encoding="UTF-8"?>
<!-- Generated by org.testng.reporters.JUnitReportReporter -->
<testsuite hostname="DESKTOP-V9RNRU6" failures="0" tests="1" name="POM.AddToCart" time="17.980" errors="0" timestamp="2024-05-28T11:07:57 IST" skipped="0">
  <testcase classname="POM.AddToCart" name="login" time="17.980"/>
</testsuite> <!-- POM.AddToCart -->
