<?xml version="1.0" encoding="UTF-8"?>
<!-- Generated by org.testng.reporters.JUnitReportReporter -->
<testsuite hostname="DESKTOP-V9RNRU6" failures="0" tests="1" name="Basic.ValidationForm" time="42.229" errors="0" timestamp="2024-05-10T16:54:52 IST" skipped="0">
  <testcase classname="Basic.ValidationForm" name="execute" time="42.229"/>
</testsuite> <!-- Basic.ValidationForm -->
