<?xml version="1.0" encoding="UTF-8"?>
<!-- Generated by org.testng.reporters.JUnitReportReporter -->
<testsuite hostname="DESKTOP-V9RNRU6" failures="0" tests="1" name="Basic.SearchProductInDWS" time="12.657" errors="0" timestamp="2024-05-11T12:39:37 IST" skipped="0">
  <testcase classname="Basic.SearchProductInDWS" name="searchProduct" time="12.657"/>
</testsuite> <!-- Basic.SearchProductInDWS -->
