<?xml version="1.0" encoding="UTF-8"?>
<!-- Generated by org.testng.reporters.JUnitReportReporter -->
<testsuite hostname="DESKTOP-V9RNRU6" failures="0" tests="1" name="WritedataIntoFile.WriteDataIntoExcelFile" time="1.625" errors="0" timestamp="2024-05-30T13:55:51 IST" skipped="0">
  <testcase classname="WritedataIntoFile.WriteDataIntoExcelFile" name="writeData" time="1.625"/>
</testsuite> <!-- WritedataIntoFile.WriteDataIntoExcelFile -->
