<?xml version="1.0" encoding="UTF-8"?>
<!-- Generated by org.testng.reporters.JUnitReportReporter -->
<testsuite hostname="DESKTOP-V9RNRU6" failures="0" tests="4" name="HelperMethods.DependsOnMethod" time="0.026" errors="0" timestamp="2024-05-16T14:13:23 IST" skipped="0">
  <testcase classname="HelperMethods.DependsOnMethod" name="remove" time="0.016"/>
  <testcase classname="HelperMethods.DependsOnMethod" name="deleteAccount" time="0.004"/>
  <testcase classname="HelperMethods.DependsOnMethod" name="modifyAcc" time="0.003"/>
  <testcase classname="HelperMethods.DependsOnMethod" name="createAccount" time="0.003"/>
</testsuite> <!-- HelperMethods.DependsOnMethod -->
