<?xml version="1.0" encoding="UTF-8"?>
<!-- Generated by org.testng.reporters.JUnitReportReporter -->
<testsuite hostname="DESKTOP-V9RNRU6" failures="0" tests="1" name="POM.GiftCart" time="8.576" errors="0" timestamp="2024-05-28T09:23:38 IST" skipped="0">
  <testcase classname="POM.GiftCart" name="login" time="8.576"/>
</testsuite> <!-- POM.GiftCart -->
