<?xml version="1.0" encoding="UTF-8"?>
<!-- Generated by org.testng.reporters.JUnitReportReporter -->
<testsuite hostname="DESKTOP-V9RNRU6" failures="0" tests="1" name="AssertLibrary.AssertEqual" time="1.228" errors="0" timestamp="2024-05-21T11:21:45 IST" skipped="0">
  <testcase classname="AssertLibrary.AssertEqual" name="dws" time="1.228"/>
</testsuite> <!-- AssertLibrary.AssertEqual -->
