<?xml version="1.0" encoding="UTF-8"?>
<!-- Generated by org.testng.reporters.JUnitReportReporter -->
<testsuite hostname="DESKTOP-V9RNRU6" failures="0" tests="3" name="HelperMethods.HelperMethod" time="22.941" errors="0" timestamp="2024-05-16T12:06:02 IST" skipped="0">
  <testcase classname="HelperMethods.HelperMethod" name="fireboltt" time="4.913"/>
  <testcase classname="HelperMethods.HelperMethod" name="fastrack" time="15.305"/>
  <testcase classname="HelperMethods.HelperMethod" name="noise" time="2.723"/>
</testsuite> <!-- HelperMethods.HelperMethod -->
