<?xml version="1.0" encoding="UTF-8"?>
<!-- Generated by org.testng.reporters.JUnitReportReporter -->
<testsuite hostname="DESKTOP-V9RNRU6" failures="0" tests="1" name="DataDriverTest.Test1" time="1.416" errors="0" timestamp="2024-05-14T12:49:24 IST" skipped="0">
  <testcase classname="DataDriverTest.Test1" name="readDataFromExcel" time="1.416"/>
</testsuite> <!-- DataDriverTest.Test1 -->
