<?xml version="1.0" encoding="UTF-8"?>
<!-- Generated by org.testng.reporters.JUnitReportReporter -->
<testsuite hostname="DESKTOP-V9RNRU6" failures="0" tests="1" name="ExtentReports.TestReport" time="13.156" errors="0" timestamp="2024-05-30T09:32:57 IST" skipped="0">
  <testcase classname="ExtentReports.TestReport" name="testReport" time="13.156"/>
</testsuite> <!-- ExtentReports.TestReport -->
