<?xml version="1.0" encoding="UTF-8"?>
<!-- Generated by org.testng.reporters.JUnitReportReporter -->
<testsuite hostname="DESKTOP-V9RNRU6" failures="0" tests="2" name="Basic.Launch" time="31.678" errors="0" timestamp="2024-05-27T19:58:24 IST" skipped="0">
  <testcase classname="Basic.Launch" name="launchPantaloon" time="14.124"/>
  <testcase classname="Basic.Launch" name="wexecute" time="17.554"/>
</testsuite> <!-- Basic.Launch -->
