<?xml version="1.0" encoding="UTF-8"?>
<!-- Generated by org.testng.reporters.JUnitReportReporter -->
<testsuite hostname="DESKTOP-V9RNRU6" failures="0" tests="3" name="HelperMethods.Enabled" time="199.226" errors="0" timestamp="2024-05-16T12:32:22 IST" skipped="1">
  <testcase classname="HelperMethods.Enabled" name="titan" time="31.119"/>
  <testcase classname="HelperMethods.Enabled" name="fireboltt" time="168.107"/>
  <testcase classname="HelperMethods.Enabled" name="noise">
    <skipped/>
  </testcase> <!-- noise -->
</testsuite> <!-- HelperMethods.Enabled -->
