<?xml version="1.0" encoding="UTF-8"?>
<!-- Generated by org.testng.reporters.JUnitReportReporter -->
<testsuite hostname="DESKTOP-V9RNRU6" failures="0" tests="2" name="Basic.ChronologicalOrder" time="0.023" errors="0" timestamp="2024-05-10T16:18:22 IST" skipped="0">
  <testcase classname="Basic.ChronologicalOrder" name="test1" time="0.014"/>
  <testcase classname="Basic.ChronologicalOrder" name="test2" time="0.009"/>
</testsuite> <!-- Basic.ChronologicalOrder -->
