<?xml version="1.0" encoding="UTF-8"?>
<!-- Generated by org.testng.reporters.JUnitReportReporter -->
<testsuite hostname="DESKTOP-V9RNRU6" failures="0" tests="1" name="HelperMethods.InvocationCount" time="31.502" errors="0" timestamp="2024-05-16T12:13:47 IST" skipped="0">
  <testcase classname="HelperMethods.InvocationCount" name="fireboltt" time="31.502"/>
</testsuite> <!-- HelperMethods.InvocationCount -->
